0 info it worked if it ends with ok
1 verbose cli [ '/Users/vitoli/.nvm/versions/node/v6.0.0/bin/node',
1 verbose cli   '/Users/vitoli/.nvm/versions/node/v6.0.0/bin/npm',
1 verbose cli   'unpublish',
1 verbose cli   'skylarkjs',
1 verbose cli   '--force' ]
2 info using npm@3.8.6
3 info using node@v6.0.0
4 warn using --force I sure hope you know what you are doing.
5 silly unpublish args[0] skylarkjs
6 silly unpublish thing Result {
6 silly unpublish   raw: 'skylarkjs',
6 silly unpublish   scope: null,
6 silly unpublish   name: 'skylarkjs',
6 silly unpublish   rawSpec: '',
6 silly unpublish   spec: 'latest',
6 silly unpublish   type: 'tag' }
7 verbose getPublishConfig null
8 silly ls normalized skylarkjs
9 silly gentlyRm /Users/vitoli/.npm/skylarkjs is being purged
10 verbose gentlyRm don't care about contents; nuking /Users/vitoli/.npm/skylarkjs
11 silly mapToRegistry name skylarkjs
12 silly mapToRegistry using default registry
13 silly mapToRegistry registry http://registry.npmjs.org/
14 silly mapToRegistry data Result {
14 silly mapToRegistry   raw: 'skylarkjs',
14 silly mapToRegistry   scope: null,
14 silly mapToRegistry   name: 'skylarkjs',
14 silly mapToRegistry   rawSpec: '',
14 silly mapToRegistry   spec: 'latest',
14 silly mapToRegistry   type: 'tag' }
15 silly mapToRegistry uri http://registry.npmjs.org/skylarkjs
16 verbose get GET as part of write; not caching result
17 verbose request uri http://registry.npmjs.org/skylarkjs?write=true
18 verbose request no auth needed
19 info attempt registry request try #1 at 10:12:49 AM
20 verbose request using bearer token for auth
21 verbose request id 188e5865f64eff08
22 http request GET http://registry.npmjs.org/skylarkjs?write=true
23 http 200 http://registry.npmjs.org/skylarkjs?write=true
24 verbose headers { server: 'CouchDB/1.5.0 (Erlang OTP/R16B03)',
24 verbose headers   'content-type': 'application/json',
24 verbose headers   etag: '"59dd73e2-3ab0"',
24 verbose headers   'content-encoding': 'gzip',
24 verbose headers   'cache-control': 'max-age=0',
24 verbose headers   'transfer-encoding': 'chunked',
24 verbose headers   'accept-ranges': 'bytes',
24 verbose headers   date: 'Wed, 11 Oct 2017 02:12:50 GMT',
24 verbose headers   via: '1.1 varnish',
24 verbose headers   connection: 'keep-alive',
24 verbose headers   'x-served-by': 'cache-nrt6127-NRT',
24 verbose headers   'x-cache': 'MISS',
24 verbose headers   'x-cache-hits': '0',
24 verbose headers   'x-timer': 'S1507687971.566664,VS0,VE204',
24 verbose headers   vary: 'Accept-Encoding' }
25 silly get cb [ 200,
25 silly get   { server: 'CouchDB/1.5.0 (Erlang OTP/R16B03)',
25 silly get     'content-type': 'application/json',
25 silly get     etag: '"59dd73e2-3ab0"',
25 silly get     'content-encoding': 'gzip',
25 silly get     'cache-control': 'max-age=0',
25 silly get     'transfer-encoding': 'chunked',
25 silly get     'accept-ranges': 'bytes',
25 silly get     date: 'Wed, 11 Oct 2017 02:12:50 GMT',
25 silly get     via: '1.1 varnish',
25 silly get     connection: 'keep-alive',
25 silly get     'x-served-by': 'cache-nrt6127-NRT',
25 silly get     'x-cache': 'MISS',
25 silly get     'x-cache-hits': '0',
25 silly get     'x-timer': 'S1507687971.566664,VS0,VE204',
25 silly get     vary: 'Accept-Encoding' } ]
26 verbose get saving skylarkjs to /Users/vitoli/.npm/registry.npmjs.org/skylarkjs_3Fwrite_3Dtrue/.cache.json
27 verbose correctMkdir /Users/vitoli/.npm correctMkdir not in flight; initializing
28 info unpublish No version specified, removing all
29 verbose request uri http://registry.npmjs.org/skylarkjs/-rev/5-d94a21320d81953f5d09463336724657
30 verbose request sending authorization for write operation
31 info attempt registry request try #1 at 10:12:51 AM
32 verbose request using bearer token for auth
33 http request DELETE http://registry.npmjs.org/skylarkjs/-rev/5-d94a21320d81953f5d09463336724657
34 http 400 http://registry.npmjs.org/skylarkjs/-rev/5-d94a21320d81953f5d09463336724657
35 verbose headers { 'content-type': 'application/json',
35 verbose headers   'cache-control': 'max-age=300',
35 verbose headers   'content-length': '161',
35 verbose headers   'accept-ranges': 'bytes',
35 verbose headers   date: 'Wed, 11 Oct 2017 02:12:51 GMT',
35 verbose headers   via: '1.1 varnish',
35 verbose headers   connection: 'keep-alive',
35 verbose headers   'x-served-by': 'cache-nrt6127-NRT',
35 verbose headers   'x-cache': 'MISS',
35 verbose headers   'x-cache-hits': '0',
35 verbose headers   'x-timer': 'S1507687972.775827,VS0,VE168',
35 verbose headers   vary: 'Accept-Encoding, Accept' }
36 verbose request invalidating /Users/vitoli/.npm/registry.npmjs.org/skylarkjs on DELETE
37 verbose stack Error: You can no longer unpublish this package.
37 verbose stack Please deprecate it instead:
37 verbose stack npm deprecate skylarkjs "this package has been deprecated" : skylarkjs
37 verbose stack     at makeError (/Users/vitoli/.nvm/versions/node/v6.0.0/lib/node_modules/npm/node_modules/npm-registry-client/lib/request.js:264:12)
37 verbose stack     at CachingRegistryClient.<anonymous> (/Users/vitoli/.nvm/versions/node/v6.0.0/lib/node_modules/npm/node_modules/npm-registry-client/lib/request.js:252:14)
37 verbose stack     at Request._callback (/Users/vitoli/.nvm/versions/node/v6.0.0/lib/node_modules/npm/node_modules/npm-registry-client/lib/request.js:172:14)
37 verbose stack     at Request.self.callback (/Users/vitoli/.nvm/versions/node/v6.0.0/lib/node_modules/npm/node_modules/request/request.js:199:22)
37 verbose stack     at emitTwo (events.js:106:13)
37 verbose stack     at Request.emit (events.js:191:7)
37 verbose stack     at Request.<anonymous> (/Users/vitoli/.nvm/versions/node/v6.0.0/lib/node_modules/npm/node_modules/request/request.js:1036:10)
37 verbose stack     at emitOne (events.js:101:20)
37 verbose stack     at Request.emit (events.js:188:7)
37 verbose stack     at IncomingMessage.<anonymous> (/Users/vitoli/.nvm/versions/node/v6.0.0/lib/node_modules/npm/node_modules/request/request.js:963:12)
38 verbose statusCode 400
39 verbose pkgid skylarkjs
40 verbose cwd /Users/vitoli/uZone/skylark/skylark
41 error Darwin 16.7.0
42 error argv "/Users/vitoli/.nvm/versions/node/v6.0.0/bin/node" "/Users/vitoli/.nvm/versions/node/v6.0.0/bin/npm" "unpublish" "skylarkjs" "--force"
43 error node v6.0.0
44 error npm  v3.8.6
45 error code E400
46 error You can no longer unpublish this package.
46 error Please deprecate it instead:
46 error npm deprecate skylarkjs "this package has been deprecated" : skylarkjs
47 error If you need help, you may report this error at:
47 error     <https://github.com/npm/npm/issues>
48 verbose exit [ 1, true ]
